<?xml version="1.0" encoding="UTF-8"?>
<coverage generated="1762333448292" clover="3.2.0">
  <project timestamp="1762333448292" name="All files">
    <metrics statements="51" coveredstatements="45" conditionals="52" coveredconditionals="37" methods="9" coveredmethods="9" elements="112" coveredelements="91" complexity="0" loc="51" ncloc="51" packages="1" files="1" classes="1"/>
    <file name="ai.ts" path="/Users/haonan/Desktop/firstgo/lib/ai.ts">
      <metrics statements="51" coveredstatements="45" conditionals="52" coveredconditionals="37" methods="9" coveredmethods="9"/>
      <line num="1" count="2" type="stmt"/>
      <line num="24" count="2" type="stmt"/>
      <line num="25" count="2" type="cond" truecount="1" falsecount="1"/>
      <line num="26" count="2" type="stmt"/>
      <line num="49" count="6" type="stmt"/>
      <line num="50" count="6" type="cond" truecount="3" falsecount="0"/>
      <line num="51" count="2" type="stmt"/>
      <line num="53" count="4" type="stmt"/>
      <line num="54" count="4" type="cond" truecount="3" falsecount="1"/>
      <line num="55" count="4" type="cond" truecount="2" falsecount="0"/>
      <line num="57" count="4" type="cond" truecount="1" falsecount="1"/>
      <line num="58" count="4" type="stmt"/>
      <line num="61" count="6" type="cond" truecount="0" falsecount="1"/>
      <line num="62" count="0" type="stmt"/>
      <line num="65" count="6" type="cond" truecount="3" falsecount="0"/>
      <line num="66" count="4" type="stmt"/>
      <line num="67" count="4" type="stmt"/>
      <line num="73" count="2" type="stmt"/>
      <line num="75" count="6" type="cond" truecount="2" falsecount="0"/>
      <line num="78" count="4" type="cond" truecount="1" falsecount="1"/>
      <line num="79" count="4" type="stmt"/>
      <line num="80" count="4" type="cond" truecount="2" falsecount="0"/>
      <line num="82" count="4" type="stmt"/>
      <line num="83" count="4" type="stmt"/>
      <line num="89" count="4" type="cond" truecount="2" falsecount="0"/>
      <line num="92" count="4" type="stmt"/>
      <line num="93" count="4" type="stmt"/>
      <line num="94" count="4" type="stmt"/>
      <line num="95" count="4" type="stmt"/>
      <line num="96" count="20" type="stmt"/>
      <line num="99" count="4" type="cond" truecount="2" falsecount="0"/>
      <line num="100" count="1" type="stmt"/>
      <line num="103" count="4" type="cond" truecount="1" falsecount="1"/>
      <line num="109" count="4" type="stmt"/>
      <line num="119" count="2" type="stmt"/>
      <line num="121" count="2" type="stmt"/>
      <line num="122" count="2" type="cond" truecount="1" falsecount="0"/>
      <line num="123" count="1" type="stmt"/>
      <line num="126" count="1" type="stmt"/>
      <line num="131" count="1" type="stmt"/>
      <line num="132" count="1" type="stmt"/>
      <line num="143" count="1" type="stmt"/>
      <line num="144" count="1" type="cond" truecount="0" falsecount="1"/>
      <line num="145" count="0" type="stmt"/>
      <line num="150" count="1" type="stmt"/>
      <line num="152" count="1" type="stmt"/>
      <line num="153" count="1" type="stmt"/>
      <line num="155" count="0" type="cond" truecount="0" falsecount="2"/>
      <line num="158" count="0" type="cond" truecount="0" falsecount="1"/>
      <line num="159" count="0" type="stmt"/>
      <line num="161" count="0" type="stmt"/>
    </file>
  </project>
</coverage>
