{"/Users/haonan/Desktop/firstgo/lib/ai.ts": {"path":"/Users/haonan/Desktop/firstgo/lib/ai.ts","statementMap":{"0":{"start":{"line":24,"column":16},"end":{"line":24,"column":36}},"1":{"start":{"line":119,"column":22},"end":{"line":119,"column":29}},"2":{"start":{"line":49,"column":16},"end":{"line":49,"column":30}},"3":{"start":{"line":1,"column":19},"end":{"line":1,"column":null}},"4":{"start":{"line":25,"column":18},"end":{"line":25,"column":null}},"5":{"start":{"line":26,"column":2},"end":{"line":37,"column":null}},"6":{"start":{"line":50,"column":2},"end":{"line":52,"column":null}},"7":{"start":{"line":51,"column":4},"end":{"line":51,"column":null}},"8":{"start":{"line":53,"column":12},"end":{"line":53,"column":null}},"9":{"start":{"line":54,"column":16},"end":{"line":54,"column":null}},"10":{"start":{"line":55,"column":22},"end":{"line":55,"column":null}},"11":{"start":{"line":57,"column":30},"end":{"line":57,"column":67}},"12":{"start":{"line":58,"column":26},"end":{"line":76,"column":null}},"13":{"start":{"line":61,"column":6},"end":{"line":63,"column":null}},"14":{"start":{"line":62,"column":8},"end":{"line":62,"column":null}},"15":{"start":{"line":65,"column":6},"end":{"line":72,"column":null}},"16":{"start":{"line":66,"column":21},"end":{"line":66,"column":null}},"17":{"start":{"line":67,"column":8},"end":{"line":71,"column":null}},"18":{"start":{"line":73,"column":6},"end":{"line":73,"column":null}},"19":{"start":{"line":75,"column":34},"end":{"line":75,"column":null}},"20":{"start":{"line":78,"column":30},"end":{"line":78,"column":67}},"21":{"start":{"line":79,"column":26},"end":{"line":89,"column":null}},"22":{"start":{"line":80,"column":20},"end":{"line":80,"column":null}},"23":{"start":{"line":82,"column":19},"end":{"line":82,"column":null}},"24":{"start":{"line":83,"column":6},"end":{"line":87,"column":null}},"25":{"start":{"line":89,"column":20},"end":{"line":89,"column":null}},"26":{"start":{"line":92,"column":19},"end":{"line":92,"column":null}},"27":{"start":{"line":93,"column":19},"end":{"line":93,"column":null}},"28":{"start":{"line":94,"column":26},"end":{"line":94,"column":null}},"29":{"start":{"line":95,"column":2},"end":{"line":97,"column":null}},"30":{"start":{"line":96,"column":4},"end":{"line":96,"column":null}},"31":{"start":{"line":99,"column":37},"end":{"line":101,"column":null}},"32":{"start":{"line":100,"column":24},"end":{"line":100,"column":35}},"33":{"start":{"line":103,"column":21},"end":{"line":107,"column":null}},"34":{"start":{"line":109,"column":2},"end":{"line":109,"column":null}},"35":{"start":{"line":121,"column":17},"end":{"line":121,"column":48}},"36":{"start":{"line":122,"column":2},"end":{"line":124,"column":null}},"37":{"start":{"line":123,"column":4},"end":{"line":123,"column":null}},"38":{"start":{"line":126,"column":17},"end":{"line":129,"column":null}},"39":{"start":{"line":131,"column":2},"end":{"line":162,"column":null}},"40":{"start":{"line":132,"column":23},"end":{"line":141,"column":null}},"41":{"start":{"line":143,"column":20},"end":{"line":143,"column":null}},"42":{"start":{"line":144,"column":4},"end":{"line":146,"column":null}},"43":{"start":{"line":145,"column":6},"end":{"line":145,"column":null}},"44":{"start":{"line":150,"column":27},"end":{"line":150,"column":null}},"45":{"start":{"line":152,"column":4},"end":{"line":156,"column":null}},"46":{"start":{"line":153,"column":6},"end":{"line":153,"column":null}},"47":{"start":{"line":155,"column":6},"end":{"line":155,"column":null}},"48":{"start":{"line":158,"column":4},"end":{"line":160,"column":null}},"49":{"start":{"line":159,"column":6},"end":{"line":159,"column":null}},"50":{"start":{"line":161,"column":4},"end":{"line":161,"column":null}}},"fnMap":{"0":{"name":"buildTutorialPrompt","decl":{"start":{"line":24,"column":16},"end":{"line":24,"column":36}},"loc":{"start":{"line":24,"column":53},"end":{"line":38,"column":null}}},"1":{"name":"parseAIOutput","decl":{"start":{"line":49,"column":16},"end":{"line":49,"column":30}},"loc":{"start":{"line":49,"column":43},"end":{"line":110,"column":null}}},"2":{"name":"(anonymous_7)","decl":{"start":{"line":59,"column":9},"end":{"line":59,"column":10}},"loc":{"start":{"line":59,"column":10},"end":{"line":74,"column":null}}},"3":{"name":"(anonymous_8)","decl":{"start":{"line":75,"column":12},"end":{"line":75,"column":13}},"loc":{"start":{"line":75,"column":34},"end":{"line":75,"column":null}}},"4":{"name":"(anonymous_9)","decl":{"start":{"line":80,"column":12},"end":{"line":80,"column":13}},"loc":{"start":{"line":80,"column":20},"end":{"line":80,"column":null}}},"5":{"name":"(anonymous_10)","decl":{"start":{"line":81,"column":9},"end":{"line":81,"column":10}},"loc":{"start":{"line":81,"column":10},"end":{"line":88,"column":null}}},"6":{"name":"(anonymous_11)","decl":{"start":{"line":89,"column":12},"end":{"line":89,"column":13}},"loc":{"start":{"line":89,"column":20},"end":{"line":89,"column":null}}},"7":{"name":"(anonymous_12)","decl":{"start":{"line":100,"column":17},"end":{"line":100,"column":18}},"loc":{"start":{"line":100,"column":24},"end":{"line":100,"column":35}}},"8":{"name":"callAI","decl":{"start":{"line":119,"column":22},"end":{"line":119,"column":29}},"loc":{"start":{"line":119,"column":43},"end":{"line":163,"column":null}}}},"branchMap":{"0":{"loc":{"start":{"line":25,"column":19},"end":{"line":25,"column":33}},"type":"binary-expr","locations":[{"start":{"line":25,"column":19},"end":{"line":25,"column":32}},{"start":{"line":25,"column":32},"end":{"line":25,"column":33}}]},"1":{"loc":{"start":{"line":36,"column":4},"end":{"line":36,"column":null}},"type":"binary-expr","locations":[{"start":{"line":36,"column":4},"end":{"line":36,"column":15}},{"start":{"line":36,"column":15},"end":{"line":36,"column":null}}]},"2":{"loc":{"start":{"line":50,"column":2},"end":{"line":52,"column":null}},"type":"if","locations":[{"start":{"line":50,"column":2},"end":{"line":52,"column":null}}]},"3":{"loc":{"start":{"line":50,"column":6},"end":{"line":50,"column":41}},"type":"binary-expr","locations":[{"start":{"line":50,"column":6},"end":{"line":50,"column":15}},{"start":{"line":50,"column":15},"end":{"line":50,"column":41}}]},"4":{"loc":{"start":{"line":54,"column":16},"end":{"line":54,"column":null}},"type":"cond-expr","locations":[{"start":{"line":54,"column":64},"end":{"line":54,"column":81}},{"start":{"line":54,"column":81},"end":{"line":54,"column":null}}]},"5":{"loc":{"start":{"line":54,"column":16},"end":{"line":54,"column":64}},"type":"binary-expr","locations":[{"start":{"line":54,"column":16},"end":{"line":54,"column":47}},{"start":{"line":54,"column":47},"end":{"line":54,"column":64}}]},"6":{"loc":{"start":{"line":55,"column":22},"end":{"line":55,"column":null}},"type":"cond-expr","locations":[{"start":{"line":55,"column":58},"end":{"line":55,"column":71}},{"start":{"line":55,"column":74},"end":{"line":55,"column":null}}]},"7":{"loc":{"start":{"line":57,"column":30},"end":{"line":57,"column":67}},"type":"cond-expr","locations":[{"start":{"line":57,"column":55},"end":{"line":57,"column":62}},{"start":{"line":57,"column":65},"end":{"line":57,"column":67}}]},"8":{"loc":{"start":{"line":61,"column":6},"end":{"line":63,"column":null}},"type":"if","locations":[{"start":{"line":61,"column":6},"end":{"line":63,"column":null}}]},"9":{"loc":{"start":{"line":65,"column":6},"end":{"line":72,"column":null}},"type":"if","locations":[{"start":{"line":65,"column":6},"end":{"line":72,"column":null}}]},"10":{"loc":{"start":{"line":65,"column":10},"end":{"line":65,"column":40}},"type":"binary-expr","locations":[{"start":{"line":65,"column":10},"end":{"line":65,"column":16}},{"start":{"line":65,"column":16},"end":{"line":65,"column":40}}]},"11":{"loc":{"start":{"line":68,"column":23},"end":{"line":68,"column":40}},"type":"binary-expr","locations":[{"start":{"line":68,"column":23},"end":{"line":68,"column":32}},{"start":{"line":68,"column":36},"end":{"line":68,"column":40}}]},"12":{"loc":{"start":{"line":69,"column":15},"end":{"line":69,"column":null}},"type":"cond-expr","locations":[{"start":{"line":69,"column":46},"end":{"line":69,"column":54}},{"start":{"line":69,"column":57},"end":{"line":69,"column":null}}]},"13":{"loc":{"start":{"line":70,"column":16},"end":{"line":70,"column":null}},"type":"cond-expr","locations":[{"start":{"line":70,"column":48},"end":{"line":70,"column":57}},{"start":{"line":70,"column":60},"end":{"line":70,"column":null}}]},"14":{"loc":{"start":{"line":75,"column":34},"end":{"line":75,"column":null}},"type":"binary-expr","locations":[{"start":{"line":75,"column":34},"end":{"line":75,"column":49}},{"start":{"line":75,"column":49},"end":{"line":75,"column":null}}]},"15":{"loc":{"start":{"line":78,"column":30},"end":{"line":78,"column":67}},"type":"cond-expr","locations":[{"start":{"line":78,"column":55},"end":{"line":78,"column":62}},{"start":{"line":78,"column":65},"end":{"line":78,"column":67}}]},"16":{"loc":{"start":{"line":80,"column":20},"end":{"line":80,"column":null}},"type":"binary-expr","locations":[{"start":{"line":80,"column":20},"end":{"line":80,"column":26}},{"start":{"line":80,"column":26},"end":{"line":80,"column":null}}]},"17":{"loc":{"start":{"line":84,"column":22},"end":{"line":84,"column":40}},"type":"binary-expr","locations":[{"start":{"line":84,"column":22},"end":{"line":84,"column":32}},{"start":{"line":84,"column":36},"end":{"line":84,"column":40}}]},"18":{"loc":{"start":{"line":85,"column":24},"end":{"line":85,"column":44}},"type":"binary-expr","locations":[{"start":{"line":85,"column":24},"end":{"line":85,"column":36}},{"start":{"line":85,"column":40},"end":{"line":85,"column":44}}]},"19":{"loc":{"start":{"line":86,"column":23},"end":{"line":86,"column":null}},"type":"cond-expr","locations":[{"start":{"line":86,"column":64},"end":{"line":86,"column":82}},{"start":{"line":86,"column":85},"end":{"line":86,"column":null}}]},"20":{"loc":{"start":{"line":89,"column":20},"end":{"line":89,"column":null}},"type":"binary-expr","locations":[{"start":{"line":89,"column":20},"end":{"line":89,"column":43}},{"start":{"line":89,"column":43},"end":{"line":89,"column":null}}]},"21":{"loc":{"start":{"line":99,"column":37},"end":{"line":101,"column":null}},"type":"cond-expr","locations":[{"start":{"line":100,"column":6},"end":{"line":100,"column":null}},{"start":{"line":101,"column":6},"end":{"line":101,"column":null}}]},"22":{"loc":{"start":{"line":103,"column":21},"end":{"line":107,"column":null}},"type":"cond-expr","locations":[{"start":{"line":104,"column":6},"end":{"line":104,"column":null}},{"start":{"line":105,"column":6},"end":{"line":107,"column":null}}]},"23":{"loc":{"start":{"line":105,"column":6},"end":{"line":107,"column":null}},"type":"cond-expr","locations":[{"start":{"line":106,"column":6},"end":{"line":106,"column":18}},{"start":{"line":107,"column":6},"end":{"line":107,"column":null}}]},"24":{"loc":{"start":{"line":122,"column":2},"end":{"line":124,"column":null}},"type":"if","locations":[{"start":{"line":122,"column":2},"end":{"line":124,"column":null}}]},"25":{"loc":{"start":{"line":133,"column":13},"end":{"line":133,"column":null}},"type":"binary-expr","locations":[{"start":{"line":133,"column":13},"end":{"line":133,"column":42}},{"start":{"line":133,"column":46},"end":{"line":133,"column":null}}]},"26":{"loc":{"start":{"line":144,"column":4},"end":{"line":146,"column":null}},"type":"if","locations":[{"start":{"line":144,"column":4},"end":{"line":146,"column":null}}]},"27":{"loc":{"start":{"line":155,"column":43},"end":{"line":155,"column":114}},"type":"cond-expr","locations":[{"start":{"line":155,"column":73},"end":{"line":155,"column":91}},{"start":{"line":155,"column":94},"end":{"line":155,"column":114}}]},"28":{"loc":{"start":{"line":158,"column":4},"end":{"line":160,"column":null}},"type":"if","locations":[{"start":{"line":158,"column":4},"end":{"line":160,"column":null}}]}},"s":{"0":2,"1":2,"2":6,"3":2,"4":2,"5":2,"6":6,"7":2,"8":4,"9":4,"10":4,"11":4,"12":4,"13":6,"14":0,"15":6,"16":4,"17":4,"18":2,"19":6,"20":4,"21":4,"22":4,"23":4,"24":4,"25":4,"26":4,"27":4,"28":4,"29":4,"30":20,"31":4,"32":1,"33":4,"34":4,"35":2,"36":2,"37":1,"38":1,"39":1,"40":1,"41":1,"42":1,"43":0,"44":1,"45":1,"46":1,"47":0,"48":0,"49":0,"50":0},"f":{"0":2,"1":6,"2":6,"3":6,"4":4,"5":4,"6":4,"7":1,"8":2},"b":{"0":[2,0],"1":[2,1],"2":[2],"3":[6,5],"4":[4,0],"5":[4,4],"6":[1,3],"7":[4,0],"8":[0],"9":[4],"10":[6,4],"11":[4,0],"12":[1,3],"13":[0,4],"14":[6,4],"15":[4,0],"16":[4,4],"17":[4,0],"18":[4,0],"19":[0,4],"20":[4,4],"21":[1,3],"22":[0,4],"23":[1,3],"24":[1],"25":[1,1],"26":[0],"27":[0,0],"28":[0]}}
}
