TN:
SF:lib/ai.ts
FN:24,buildTutorialPrompt
FN:49,parseAIOutput
FN:59,(anonymous_7)
FN:75,(anonymous_8)
FN:80,(anonymous_9)
FN:81,(anonymous_10)
FN:89,(anonymous_11)
FN:100,(anonymous_12)
FN:119,callAI
FNF:9
FNH:9
FNDA:2,buildTutorialPrompt
FNDA:6,parseAIOutput
FNDA:6,(anonymous_7)
FNDA:6,(anonymous_8)
FNDA:4,(anonymous_9)
FNDA:4,(anonymous_10)
FNDA:4,(anonymous_11)
FNDA:1,(anonymous_12)
FNDA:2,callAI
DA:1,2
DA:24,2
DA:25,2
DA:26,2
DA:49,6
DA:50,6
DA:51,2
DA:53,4
DA:54,4
DA:55,4
DA:57,4
DA:58,4
DA:61,6
DA:62,0
DA:65,6
DA:66,4
DA:67,4
DA:73,2
DA:75,6
DA:78,4
DA:79,4
DA:80,4
DA:82,4
DA:83,4
DA:89,4
DA:92,4
DA:93,4
DA:94,4
DA:95,4
DA:96,20
DA:99,4
DA:100,1
DA:103,4
DA:109,4
DA:119,2
DA:121,2
DA:122,2
DA:123,1
DA:126,1
DA:131,1
DA:132,1
DA:143,1
DA:144,1
DA:145,0
DA:150,1
DA:152,1
DA:153,1
DA:155,0
DA:158,0
DA:159,0
DA:161,0
LF:51
LH:45
BRDA:25,0,0,2
BRDA:25,0,1,0
BRDA:36,1,0,2
BRDA:36,1,1,1
BRDA:50,2,0,2
BRDA:50,3,0,6
BRDA:50,3,1,5
BRDA:54,4,0,4
BRDA:54,4,1,0
BRDA:54,5,0,4
BRDA:54,5,1,4
BRDA:55,6,0,1
BRDA:55,6,1,3
BRDA:57,7,0,4
BRDA:57,7,1,0
BRDA:61,8,0,0
BRDA:65,9,0,4
BRDA:65,10,0,6
BRDA:65,10,1,4
BRDA:68,11,0,4
BRDA:68,11,1,0
BRDA:69,12,0,1
BRDA:69,12,1,3
BRDA:70,13,0,0
BRDA:70,13,1,4
BRDA:75,14,0,6
BRDA:75,14,1,4
BRDA:78,15,0,4
BRDA:78,15,1,0
BRDA:80,16,0,4
BRDA:80,16,1,4
BRDA:84,17,0,4
BRDA:84,17,1,0
BRDA:85,18,0,4
BRDA:85,18,1,0
BRDA:86,19,0,0
BRDA:86,19,1,4
BRDA:89,20,0,4
BRDA:89,20,1,4
BRDA:99,21,0,1
BRDA:99,21,1,3
BRDA:103,22,0,0
BRDA:103,22,1,4
BRDA:105,23,0,1
BRDA:105,23,1,3
BRDA:122,24,0,1
BRDA:133,25,0,1
BRDA:133,25,1,1
BRDA:144,26,0,0
BRDA:155,27,0,0
BRDA:155,27,1,0
BRDA:158,28,0,0
BRF:52
BRH:37
end_of_record
